Choose math operation[type 1 or 2,...] or type [9 for exit]
1.Multiply
2.Divide
3.Sum
4.Minus
Enter a first operand!
Enter a second operand!
Choose math operation[type 1 or 2,...] or type [9 for exit]
1.Multiply
2.Divide
3.Sum
4.Minus
Choose math operation[type 1 or 2,...] or type [9 for exit]
1.Multiply
2.Divide
3.Sum
4.Minus
Choose math operation[type 1 or 2,...] or type [9 for exit]
1.Multiply
2.Divide
3.Sum
4.Minus
Choose math operation[type 1 or 2,...] or type [9 for exit]
1.Multiply
2.Divide
3.Sum
4.Minus
